============================================================ test session starts ============================================================
platform linux -- Python 3.12.3, pytest-8.2.2, pluggy-1.5.0
rootdir: /data/projects/webapp
configfile: pyproject.toml
testpaths: tests
plugins: cov-5.0.0, django-4.8.0, asyncio-0.23.7
collected 24 items

tests/test_app.py ....                                                                                                           [ 16%]
tests/test_api.py ......                                                                                                         [ 41%]
tests/test_db.py .F.                                                                                                             [ 58%]
tests/test_models.py .......                                                                                                     [ 87%]
tests/test_utils.py ...                                                                                                          [100%]

=============================================================== FAILURES ================================================================
__________________________________________________________ test_db_connection ___________________________________________________________

    def test_db_connection():
        conn = get_connection()
>       assert conn is not None
E       AssertionError: assert None is not None

tests/test_db.py:12: AssertionError
========================================================= short test summary info ==========================================================
FAILED tests/test_db.py::test_db_connection - AssertionError: assert None is not None
1 failed, 23 passed in 2.34s
